<?xml version="1.0" encoding="UTF-8"?>
<testsuite name="com.example.springsecurityauthandjwt.SpringSecurityAuthandjwtApplicationTests" tests="1" skipped="0" failures="0" errors="0" timestamp="2023-05-16T08:33:54" hostname="DESKTOP-3N9TI6I" time="1.305">
  <properties/>
  <testcase name="contextLoads()" classname="com.example.springsecurityauthandjwt.SpringSecurityAuthandjwtApplicationTests" time="1.305"/>
  <system-out><![CDATA[14:33:38.970 [Test worker] INFO org.springframework.test.context.support.AnnotationConfigContextLoaderUtils -- Could not detect default configuration classes for test class [com.example.springsecurityauthandjwt.SpringSecurityAuthandjwtApplicationTests]: SpringSecurityAuthandjwtApplicationTests does not declare any static, non-private, non-final, nested classes annotated with @Configuration.
14:33:39.287 [Test worker] INFO org.springframework.boot.test.context.SpringBootTestContextBootstrapper -- Found @SpringBootConfiguration com.example.springsecurityauthandjwt.SpringSecurityAuthandjwtApplication for test class com.example.springsecurityauthandjwt.SpringSecurityAuthandjwtApplicationTests

  .   ____          _            __ _ _
 /\\ / ___'_ __ _ _(_)_ __  __ _ \ \ \ \
( ( )\___ | '_ | '_| | '_ \/ _` | \ \ \ \
 \\/  ___)| |_)| | | | | || (_| |  ) ) ) )
  '  |____| .__|_| |_|_| |_\__, | / / / /
 =========|_|==============|___/=/_/_/_/
 :: Spring Boot ::       (v3.1.0-SNAPSHOT)

2023-05-16T14:33:40.878+06:00  INFO 10680 --- [    Test worker] SpringSecurityAuthandjwtApplicationTests : Starting SpringSecurityAuthandjwtApplicationTests using Java 20 with PID 10680 (started by BJIT in G:\My Drive\Work Space BT\Spring\spring-security-authandjwt)
2023-05-16T14:33:40.882+06:00  INFO 10680 --- [    Test worker] SpringSecurityAuthandjwtApplicationTests : No active profile set, falling back to 1 default profile: "default"
2023-05-16T14:33:43.511+06:00  INFO 10680 --- [    Test worker] .s.d.r.c.RepositoryConfigurationDelegate : Bootstrapping Spring Data JPA repositories in DEFAULT mode.
2023-05-16T14:33:43.742+06:00  INFO 10680 --- [    Test worker] .s.d.r.c.RepositoryConfigurationDelegate : Finished Spring Data repository scanning in 204 ms. Found 1 JPA repository interfaces.
2023-05-16T14:33:45.310+06:00  INFO 10680 --- [    Test worker] o.hibernate.jpa.internal.util.LogHelper  : HHH000204: Processing PersistenceUnitInfo [name: default]
2023-05-16T14:33:45.658+06:00  INFO 10680 --- [    Test worker] org.hibernate.Version                    : HHH000412: Hibernate ORM core version 6.2.2.Final
2023-05-16T14:33:45.669+06:00  INFO 10680 --- [    Test worker] org.hibernate.cfg.Environment            : HHH000406: Using bytecode reflection optimizer
2023-05-16T14:33:46.290+06:00  INFO 10680 --- [    Test worker] o.h.b.i.BytecodeProviderInitiator        : HHH000021: Bytecode provider name : bytebuddy
2023-05-16T14:33:46.896+06:00  INFO 10680 --- [    Test worker] o.s.o.j.p.SpringPersistenceUnitInfo      : No LoadTimeWeaver setup: ignoring JPA class transformer
2023-05-16T14:33:46.960+06:00  INFO 10680 --- [    Test worker] com.zaxxer.hikari.HikariDataSource       : HikariPool-1 - Starting...
2023-05-16T14:33:47.509+06:00  INFO 10680 --- [    Test worker] com.zaxxer.hikari.pool.HikariPool        : HikariPool-1 - Added connection com.mysql.cj.jdbc.ConnectionImpl@5a899811
2023-05-16T14:33:47.518+06:00  INFO 10680 --- [    Test worker] com.zaxxer.hikari.HikariDataSource       : HikariPool-1 - Start completed.
2023-05-16T14:33:47.718+06:00  WARN 10680 --- [    Test worker] org.hibernate.dialect.Dialect            : HHH000511: The 5.5.0 version for [org.hibernate.dialect.MySQLDialect] is no longer supported, hence certain features may not work properly. The minimum supported version is 5.7.0. Check the community dialects project for available legacy versions.
2023-05-16T14:33:47.740+06:00  INFO 10680 --- [    Test worker] org.hibernate.orm.dialect                : HHH035001: Using dialect: org.hibernate.dialect.MySQLDialect, version: 5.5
2023-05-16T14:33:48.500+06:00  INFO 10680 --- [    Test worker] o.h.b.i.BytecodeProviderInitiator        : HHH000021: Bytecode provider name : bytebuddy
2023-05-16T14:33:50.661+06:00  INFO 10680 --- [    Test worker] o.h.e.t.j.p.i.JtaPlatformInitiator       : HHH000490: Using JtaPlatform implementation: [org.hibernate.engine.transaction.jta.platform.internal.NoJtaPlatform]
2023-05-16T14:33:50.818+06:00  INFO 10680 --- [    Test worker] j.LocalContainerEntityManagerFactoryBean : Initialized JPA EntityManagerFactory for persistence unit 'default'
2023-05-16T14:33:51.025+06:00  WARN 10680 --- [    Test worker] JpaBaseConfiguration$JpaWebConfiguration : spring.jpa.open-in-view is enabled by default. Therefore, database queries may be performed during view rendering. Explicitly configure spring.jpa.open-in-view to disable this warning
2023-05-16T14:33:52.240+06:00  INFO 10680 --- [    Test worker] o.s.s.web.DefaultSecurityFilterChain     : Will secure any request with [org.springframework.security.web.session.DisableEncodeUrlFilter@7c0a6f62, org.springframework.security.web.context.request.async.WebAsyncManagerIntegrationFilter@219a2203, org.springframework.security.web.context.SecurityContextHolderFilter@7304ca87, org.springframework.security.web.header.HeaderWriterFilter@a84b6de, org.springframework.security.web.authentication.logout.LogoutFilter@48da5106, org.springframework.security.web.savedrequest.RequestCacheAwareFilter@13ae87a6, org.springframework.security.web.servletapi.SecurityContextHolderAwareRequestFilter@41f5389f, org.springframework.security.web.authentication.AnonymousAuthenticationFilter@58fbfefb, org.springframework.security.web.session.SessionManagementFilter@64921450, org.springframework.security.web.access.ExceptionTranslationFilter@4edd8a0a, org.springframework.security.web.access.intercept.AuthorizationFilter@4ef277ef]
2023-05-16T14:33:54.361+06:00  INFO 10680 --- [    Test worker] SpringSecurityAuthandjwtApplicationTests : Started SpringSecurityAuthandjwtApplicationTests in 14.428 seconds (process running for 17.599)
]]></system-out>
  <system-err><![CDATA[]]></system-err>
</testsuite>
